<?xml version="1.0" encoding="UTF-8"?>
<!-- Generated by org.testng.reporters.JUnitReportReporter -->
<testsuite hostname="Slimshady" failures="0" tests="4" name="api.test.UserTests2" time="8.179" errors="0" timestamp="2024-12-23T15:50:13 IST" skipped="0">
  <testcase classname="api.test.UserTests2" name="testPostUser" time="4.103"/>
  <testcase classname="api.test.UserTests2" name="testGetUserByName" time="1.049"/>
  <testcase classname="api.test.UserTests2" name="testUpdateUserByName" time="2.015"/>
  <testcase classname="api.test.UserTests2" name="testDeleteUserByName" time="1.012"/>
</testsuite> <!-- api.test.UserTests2 -->
