<?xml version="1.0" encoding="UTF-8"?>
<!-- Generated by org.testng.reporters.JUnitReportReporter -->
<testsuite hostname="Slimshady" failures="0" tests="4" name="api.test.UserTests" time="16.685" errors="0" timestamp="2024-12-19T21:07:48 IST" skipped="0">
  <testcase classname="api.test.UserTests" name="testPostUser" time="5.012"/>
  <testcase classname="api.test.UserTests" name="testGetUserByName" time="3.075"/>
  <testcase classname="api.test.UserTests" name="testUpdateUserByName" time="5.931"/>
  <testcase classname="api.test.UserTests" name="testDeleteUserByName" time="2.667"/>
</testsuite> <!-- api.test.UserTests -->
