<?xml version="1.0" encoding="UTF-8"?>
<!-- Generated by org.testng.reporters.JUnitReportReporter -->
<testsuite hostname="Slimshady" failures="0" tests="6" name="api.test.DDTests" time="6.257" errors="0" timestamp="2024-12-19T18:35:45 IST" skipped="0">
  <testcase classname="api.test.DDTests" name="testPostuser" time="1.033"/>
  <testcase classname="api.test.DDTests" name="testPostuser" time="1.053"/>
  <testcase classname="api.test.DDTests" name="testPostuser" time="1.032"/>
  <testcase classname="api.test.DDTests" name="testDeleteUserByName" time="1.074"/>
  <testcase classname="api.test.DDTests" name="testDeleteUserByName" time="1.042"/>
  <testcase classname="api.test.DDTests" name="testDeleteUserByName" time="1.023"/>
</testsuite> <!-- api.test.DDTests -->
