<?xml version="1.0" encoding="UTF-8"?>
<!-- Generated by org.testng.reporters.JUnitReportReporter -->
<testsuite hostname="Slimshady" failures="0" tests="6" name="api.test.DDTests" time="8.795" errors="0" timestamp="2024-12-23T16:06:07 IST" skipped="0">
  <testcase classname="api.test.DDTests" name="testPostuser" time="3.625"/>
  <testcase classname="api.test.DDTests" name="testPostuser" time="1.004"/>
  <testcase classname="api.test.DDTests" name="testPostuser" time="1.011"/>
  <testcase classname="api.test.DDTests" name="testDeleteUserByName" time="1.057"/>
  <testcase classname="api.test.DDTests" name="testDeleteUserByName" time="1.016"/>
  <testcase classname="api.test.DDTests" name="testDeleteUserByName" time="1.082"/>
</testsuite> <!-- api.test.DDTests -->
