<?xml version="1.0" encoding="UTF-8"?>
<!-- Generated by org.testng.reporters.JUnitReportReporter -->
<testsuite hostname="Slimshady" failures="0" tests="4" name="api.test.UserTests" time="5.196" errors="0" timestamp="2024-12-23T16:06:07 IST" skipped="0">
  <testcase classname="api.test.UserTests" name="testPostUser" time="1.052"/>
  <testcase classname="api.test.UserTests" name="testGetUserByName" time="1.015"/>
  <testcase classname="api.test.UserTests" name="testUpdateUserByName" time="2.106"/>
  <testcase classname="api.test.UserTests" name="testDeleteUserByName" time="1.023"/>
</testsuite> <!-- api.test.UserTests -->
